Start testing: Jun 24 22:27 BST
----------------------------------------------------------
1/6 Testing: vector
1/6 Test: vector
Command: "/home/jdlist/feast/build/tests/test_vector"
Directory: /home/jdlist/feast/build/tests
"vector" start time: Jun 24 22:27 BST
Output:
----------------------------------------------------------
<end of output>
Test time =   0.00 sec
----------------------------------------------------------
Test Passed.
"vector" end time: Jun 24 22:27 BST
"vector" time elapsed: 00:00:00
----------------------------------------------------------

2/6 Testing: dense_matrix
2/6 Test: dense_matrix
Command: "/home/jdlist/feast/build/tests/test_dense_matrix"
Directory: /home/jdlist/feast/build/tests
"dense_matrix" start time: Jun 24 22:27 BST
Output:
----------------------------------------------------------
<end of output>
Test time =   0.00 sec
----------------------------------------------------------
Test Passed.
"dense_matrix" end time: Jun 24 22:27 BST
"dense_matrix" time elapsed: 00:00:00
----------------------------------------------------------

3/6 Testing: sparse_matrix
3/6 Test: sparse_matrix
Command: "/home/jdlist/feast/build/tests/test_sparse_matrix"
Directory: /home/jdlist/feast/build/tests
"sparse_matrix" start time: Jun 24 22:27 BST
Output:
----------------------------------------------------------
<end of output>
Test time =   0.00 sec
----------------------------------------------------------
Test Passed.
"sparse_matrix" end time: Jun 24 22:27 BST
"sparse_matrix" time elapsed: 00:00:00
----------------------------------------------------------

4/6 Testing: mesh
4/6 Test: mesh
Command: "/home/jdlist/feast/build/tests/test_mesh"
Directory: /home/jdlist/feast/build/tests
"mesh" start time: Jun 24 22:27 BST
Output:
----------------------------------------------------------
<end of output>
Test time =   0.00 sec
----------------------------------------------------------
Test Passed.
"mesh" end time: Jun 24 22:27 BST
"mesh" time elapsed: 00:00:00
----------------------------------------------------------

5/6 Testing: materials
5/6 Test: materials
Command: "/home/jdlist/feast/build/tests/test_materials"
Directory: /home/jdlist/feast/build/tests
"materials" start time: Jun 24 22:27 BST
Output:
----------------------------------------------------------
<end of output>
Test time =   0.00 sec
----------------------------------------------------------
Test Passed.
"materials" end time: Jun 24 22:27 BST
"materials" time elapsed: 00:00:00
----------------------------------------------------------

6/6 Testing: tet4
6/6 Test: tet4
Command: "/home/jdlist/feast/build/tests/test_tet4"
Directory: /home/jdlist/feast/build/tests
"tet4" start time: Jun 24 22:27 BST
Output:
----------------------------------------------------------
<end of output>
Test time =   0.00 sec
----------------------------------------------------------
Test Passed.
"tet4" end time: Jun 24 22:27 BST
"tet4" time elapsed: 00:00:00
----------------------------------------------------------

End testing: Jun 24 22:27 BST
